Determining if the pthread_create exist failed with the following output:
Change Dir: /home/ja/Documents/lhcb/TbUTTests/test/gtest/src/gtest-build/CMakeFiles/CMakeTmp

Run Build Command:"/usr/bin/make" "cmTC_427b0/fast"
make[3]: Entering directory `/home/ja/Documents/lhcb/TbUTTests/test/gtest/src/gtest-build/CMakeFiles/CMakeTmp'
/usr/bin/make -f CMakeFiles/cmTC_427b0.dir/build.make CMakeFiles/cmTC_427b0.dir/build
make[4]: Entering directory `/home/ja/Documents/lhcb/TbUTTests/test/gtest/src/gtest-build/CMakeFiles/CMakeTmp'
Building C object CMakeFiles/cmTC_427b0.dir/CheckSymbolExists.c.o
/usr/bin/cc     -o CMakeFiles/cmTC_427b0.dir/CheckSymbolExists.c.o   -c /home/ja/Documents/lhcb/TbUTTests/test/gtest/src/gtest-build/CMakeFiles/CMakeTmp/CheckSymbolExists.c
Linking C executable cmTC_427b0
/home/ja/Documents/lhcb/TbUTTests/cmake-3.4.0-rc3-Linux-x86_64/bin/cmake -E cmake_link_script CMakeFiles/cmTC_427b0.dir/link.txt --verbose=1
/usr/bin/cc       CMakeFiles/cmTC_427b0.dir/CheckSymbolExists.c.o  -o cmTC_427b0 -rdynamic 
CMakeFiles/cmTC_427b0.dir/CheckSymbolExists.c.o: In function `main':
CheckSymbolExists.c:(.text+0x16): undefined reference to `pthread_create'
collect2: error: ld returned 1 exit status
make[4]: Leaving directory `/home/ja/Documents/lhcb/TbUTTests/test/gtest/src/gtest-build/CMakeFiles/CMakeTmp'
make[4]: *** [cmTC_427b0] Error 1
make[3]: *** [cmTC_427b0/fast] Error 2
make[3]: Leaving directory `/home/ja/Documents/lhcb/TbUTTests/test/gtest/src/gtest-build/CMakeFiles/CMakeTmp'

File /home/ja/Documents/lhcb/TbUTTests/test/gtest/src/gtest-build/CMakeFiles/CMakeTmp/CheckSymbolExists.c:
/* */
#include <pthread.h>

int main(int argc, char** argv)
{
  (void)argv;
#ifndef pthread_create
  return ((int*)(&pthread_create))[argc];
#else
  (void)argc;
  return 0;
#endif
}

Determining if the function pthread_create exists in the pthreads failed with the following output:
Change Dir: /home/ja/Documents/lhcb/TbUTTests/test/gtest/src/gtest-build/CMakeFiles/CMakeTmp

Run Build Command:"/usr/bin/make" "cmTC_ee4cb/fast"
make[3]: Entering directory `/home/ja/Documents/lhcb/TbUTTests/test/gtest/src/gtest-build/CMakeFiles/CMakeTmp'
/usr/bin/make -f CMakeFiles/cmTC_ee4cb.dir/build.make CMakeFiles/cmTC_ee4cb.dir/build
make[4]: Entering directory `/home/ja/Documents/lhcb/TbUTTests/test/gtest/src/gtest-build/CMakeFiles/CMakeTmp'
Building C object CMakeFiles/cmTC_ee4cb.dir/CheckFunctionExists.c.o
/usr/bin/cc    -DCHECK_FUNCTION_EXISTS=pthread_create   -o CMakeFiles/cmTC_ee4cb.dir/CheckFunctionExists.c.o   -c /home/ja/Documents/lhcb/TbUTTests/cmake-3.4.0-rc3-Linux-x86_64/share/cmake-3.4/Modules/CheckFunctionExists.c
Linking C executable cmTC_ee4cb
/home/ja/Documents/lhcb/TbUTTests/cmake-3.4.0-rc3-Linux-x86_64/bin/cmake -E cmake_link_script CMakeFiles/cmTC_ee4cb.dir/link.txt --verbose=1
/usr/bin/cc   -DCHECK_FUNCTION_EXISTS=pthread_create    CMakeFiles/cmTC_ee4cb.dir/CheckFunctionExists.c.o  -o cmTC_ee4cb -rdynamic -lpthreads 
/usr/bin/ld: cannot find -lpthreads
collect2: error: ld returned 1 exit status
make[4]: Leaving directory `/home/ja/Documents/lhcb/TbUTTests/test/gtest/src/gtest-build/CMakeFiles/CMakeTmp'
make[4]: *** [cmTC_ee4cb] Error 1
make[3]: Leaving directory `/home/ja/Documents/lhcb/TbUTTests/test/gtest/src/gtest-build/CMakeFiles/CMakeTmp'
make[3]: *** [cmTC_ee4cb/fast] Error 2


